2021-07-16 09:34:03,470 INFO com.z8q.postgredb.CardsAndClientsTablesCreation Attempt to create table Clients.sql
2021-07-16 09:34:03,584 INFO com.z8q.postgredb.CardsAndClientsTablesCreation Attempt to create table Cards.sql
2021-07-16 09:34:03,605 INFO com.z8q.impl.PostgreCardInputImpl Data was inserted into cards table
2021-07-16 09:36:09,624 INFO com.z8q.postgredb.CardsAndClientsTablesCreation Attempt to create table Clients.sql
2021-07-16 09:36:09,712 WARN com.z8q.impl.PostgreCardInputImpl Table Clients.sql already exists
2021-07-16 09:36:09,721 INFO com.z8q.impl.PostgreCardInputImpl Data was inserted into clients table
2021-07-16 10:34:15,190 INFO com.z8q.postgredb.CardsAndClientsTablesCreation Attempt to create table Clients.sql
2021-07-16 10:34:15,268 WARN com.z8q.impl.PostgreCardInputImpl Table Clients.sql already exists
2021-07-16 10:34:15,268 INFO com.z8q.postgredb.CardsAndClientsTablesCreation Attempt to create table Cards.sql
2021-07-16 10:34:15,277 WARN com.z8q.impl.PostgreCardInputImpl Table Cards.sql already exists
2021-07-16 10:34:15,286 INFO com.z8q.impl.PostgreCardInputImpl Data was inserted into cards table
2021-07-16 10:36:45,349 ERROR com.z8q.impl.PostgreCardInputImpl Error while linking card to client
2021-07-16 10:40:16,086 ERROR com.z8q.impl.PostgreCardInputImpl Error while linking card to client
2021-07-16 11:03:52,863 INFO com.z8q.postgredb.CardsAndClientsTablesCreation Attempt to create table Clients.sql
2021-07-16 11:03:52,948 INFO com.z8q.postgredb.CardsAndClientsTablesCreation Attempt to create table Cards.sql
2021-07-16 11:03:52,971 INFO com.z8q.impl.PostgreCardInputImpl Data was inserted into cards table
2021-07-16 11:05:36,656 INFO com.z8q.postgredb.CardsAndClientsTablesCreation Attempt to create table Clients.sql
2021-07-16 11:05:36,670 WARN com.z8q.impl.PostgreCardInputImpl Table Clients.sql already exists
2021-07-16 11:05:36,670 INFO com.z8q.postgredb.CardsAndClientsTablesCreation Attempt to create table Cards.sql
2021-07-16 11:05:36,679 WARN com.z8q.impl.PostgreCardInputImpl Table Cards.sql already exists
2021-07-16 11:05:36,687 INFO com.z8q.impl.PostgreCardInputImpl Data was inserted into cards table
2021-07-16 11:28:38,850 INFO com.z8q.postgredb.CardsAndClientsTablesCreation Attempt to create table Clients.sql
2021-07-16 11:28:38,861 WARN com.z8q.impl.PostgreCardInputImpl Table Clients.sql already exists
2021-07-16 11:28:38,871 INFO com.z8q.impl.PostgreCardInputImpl Data was inserted into clients table
2021-07-16 13:24:36,128 ERROR com.z8q.impl.PostgreCardInputImpl Data wasn't inserted into cards table
2021-07-16 13:24:36,132 ERROR com.z8q.impl.PostgreCardInputImpl Error on createCardObject stage
2021-07-16 13:29:43,848 INFO com.z8q.postgredb.CardsAndClientsTablesCreation Attempt to create table Clients.sql
2021-07-16 13:29:43,879 INFO com.z8q.postgredb.CardsAndClientsTablesCreation Attempt to create table Cards.sql
2021-07-16 13:30:40,818 INFO com.z8q.impl.PostgreCardInputImpl Data was inserted into cards table
2021-07-16 13:31:06,204 INFO com.z8q.impl.PostgreCardInputImpl Data was inserted into clients table
2021-07-16 13:31:33,554 INFO com.z8q.impl.PostgreCardInputImpl Data was inserted into cards table
2021-07-16 14:29:50,550 ERROR com.z8q.impl.PostgreCardInputImpl Error while linking card to client
2021-07-16 14:32:21,176 ERROR com.z8q.impl.PostgreCardInputImpl Error while linking card to client
2021-07-16 14:32:40,095 ERROR com.z8q.impl.PostgreCardInputImpl Error while linking card to client
2021-07-16 14:33:01,182 ERROR com.z8q.impl.PostgreCardInputImpl Error while linking card to client
2021-07-16 14:33:18,684 ERROR com.z8q.impl.PostgreCardInputImpl Error while linking card to client
2021-07-16 14:34:49,829 ERROR com.z8q.impl.PostgreCardInputImpl Error while linking card to client
2021-07-16 14:36:24,036 ERROR com.z8q.impl.PostgreCardInputImpl Error while linking card to client
2021-07-16 14:40:51,463 ERROR com.z8q.impl.PostgreCardInputImpl Error while linking card to client
2021-07-16 14:40:59,779 ERROR com.z8q.impl.PostgreCardInputImpl Error while linking card to client
2021-07-16 14:42:06,694 ERROR com.z8q.impl.PostgreCardInputImpl Error while linking card to client
2021-07-16 14:42:06,710 ERROR com.z8q.impl.PostgreCardInputImpl Error while linking card to client
2021-07-16 14:42:25,959 ERROR com.z8q.impl.PostgreCardInputImpl Error while linking card to client
2021-07-16 14:47:17,186 ERROR com.z8q.impl.PostgreCardInputImpl Error while linking card to client
2021-07-16 14:47:27,164 ERROR com.z8q.impl.PostgreCardInputImpl Error while linking card to client
2021-07-16 14:59:49,777 INFO com.z8q.impl.PostgreCardInputImpl Data was inserted into clients table
2021-07-16 15:00:18,023 INFO com.z8q.impl.PostgreCardInputImpl Data was inserted into clients table
2021-07-16 15:26:34,571 INFO com.z8q.impl.PostgreCardInputImpl Data was inserted into clients table
2021-07-16 16:00:19,116 INFO com.z8q.impl.PostgreCardInputImpl Data was inserted into cards table
