2021-07-13 09:37:07,486 INFO com.z8q.service.ClientWriteOperations Client with id 4 was added to file
2021-07-13 10:03:29,185 INFO com.z8q.service.ClientWriteOperations Card with id 1 was linked to Client with id 1 and added to file
2021-07-13 10:03:42,174 WARN com.z8q.service.ClientWriteOperations There is no client with id 123
2021-07-13 10:04:00,365 WARN com.z8q.service.ClientWriteOperations There is no card with id 123
2021-07-13 10:19:26,250 WARN com.z8q.service.ClientIOImpl There is no client with id 7
2021-07-13 10:19:39,319 INFO com.z8q.service.ClientIOImpl Card with id 7 was linked to Client with id 4 and added to file
2021-07-13 11:01:44,778 INFO com.z8q.service.ClientIOImpl Card with id 1 was linked to Client with id 3 and added to file
2021-07-13 11:46:58,820 INFO com.z8q.service.ClientIOImpl Client with id 5 was added to file
2021-07-13 11:48:47,246 INFO com.z8q.service.ClientIOImpl Client with id 6 was added to file
2021-07-13 11:49:19,038 INFO com.z8q.service.ClientIOImpl Client with id 7 was added to file
2021-07-13 12:20:44,694 INFO com.z8q.service.CardIOImpl Card with id 8 was added to file
2021-07-13 12:56:15,592 INFO com.z8q.service.ClientIOImpl Card with id 5 was linked to Client with id 4 and added to file
2021-07-13 12:59:52,960 INFO com.z8q.service.ClientIOImpl Card with id 2 was linked to Client with id 4 and added to file
2021-07-13 13:00:28,012 INFO com.z8q.service.ClientIOImpl Card with id 1 was linked to Client with id 6 and added to file
2021-07-13 14:55:19,080 ERROR com.z8q.io.CardInputImpl Error while creating a Card
2021-07-13 14:57:06,047 INFO com.z8q.io.CardInputImpl Card with id 9 was added to file
2021-07-13 15:07:42,086 INFO com.z8q.io.CardInputImpl Card with id 10 was added to file
2021-07-13 15:07:50,777 INFO com.z8q.io.ClientInputImpl Card with id 1 was linked to Client with id 3 and added to file
2021-07-13 15:26:57,583 INFO com.z8q.io.CardInputImpl Card with id 11 was added to file
2021-07-13 16:09:49,741 ERROR com.z8q.io.CardInputImpl Wrong path to file or Wrong JSON syntax
2021-07-13 16:31:52,414 INFO com.z8q.io.ClientInputImpl Client with id 8 was added to file
2021-07-13 16:33:55,819 INFO com.z8q.io.CardInputImpl Card with id 2 was added to file
2021-07-13 16:53:28,360 INFO com.z8q.io.CardInputImpl Card with id 1 was added to file
2021-07-13 16:55:10,052 INFO com.z8q.io.ClientInputImpl Client with id 1 was added to file
2021-07-13 17:17:19,942 INFO com.z8q.io.CardInputImpl Card with id 2 was added to file
2021-07-13 17:18:03,597 INFO com.z8q.io.CardInputImpl Card with id 2 was added to file
2021-07-13 17:22:48,769 INFO com.z8q.io.ClientInputImpl Client with id 2 was added to file
2021-07-13 17:33:22,739 INFO com.z8q.io.CardInputImpl Card with id 2 was added to file
2021-07-13 17:45:02,235 INFO com.z8q.io.CardInputImpl Card with id 2 was added to file
2021-07-13 17:49:45,844 INFO com.z8q.io.CardInputImpl Card with id 3 was added to file
2021-07-13 17:53:10,739 INFO com.z8q.io.CardInputImpl Card with id 4 was added to file
2021-07-13 17:57:12,790 INFO com.z8q.io.ClientInputImpl Client with id 3 was added to file
2021-07-13 17:57:30,844 INFO com.z8q.io.ClientInputImpl Card with id 2 was linked to Client with id 3 and added to file
2021-07-13 17:57:30,846 INFO com.z8q.io.ClientInputImpl Card with id 2 was linked to Client with id 3 and added to file
2021-07-13 18:21:54,527 INFO com.z8q.io.CardInputImpl Card with id 5 was added to file
